#
# A fatal error has been detected by the Java Runtime Environment:
#
#  SIGSEGV (0xb) at pc=0x000000010efeace9, pid=4687, tid=23043
#
# JRE version: 7.0_25-b15
# Java VM: Java HotSpot(TM) 64-Bit Server VM (23.25-b01 mixed mode bsd-amd64 compressed oops)
# Problematic frame:
# C  [libswt-cocoa-3740.jnilib+0x25ce9]  callback+0x297
#
# Failed to write core dump. Core dumps have been disabled. To enable core dumping, try "ulimit -c unlimited" before starting Java again
#
# If you would like to submit a bug report, please visit:
#   http://bugreport.sun.com/bugreport/crash.jsp
#

---------------  T H R E A D  ---------------

Current thread (0x0000000101044800):  VMThread [stack: 0x000070000062c000,0x000070000072c000] [id=23043]

siginfo:si_signo=SIGSEGV: si_errno=0, si_code=1 (SEGV_MAPERR), si_addr=0x0000000000000078

Registers:
RAX=0x0000000000000000, RBX=0x0000000111bdd430, RCX=0x000070000072b854, RDX=0x0000000000000001
RSP=0x000070000072b880, RBP=0x000070000072b9b0, RSI=0x0000000000000000, RDI=0x0000000000000000
R8 =0x0000000000000001, R9 =0x0000000111bdf280, R10=0x0000000102a66900, R11=0x000000010f578a00
R12=0x00007fff962a14c0, R13=0x00007fff962a14c0, R14=0x0000000000000000, R15=0x0000000000000000
RIP=0x000000010efeace9, EFLAGS=0x0000000000010206, ERR=0x0000000000000004
  TRAPNO=0x000000000000000e

Top of Stack: (sp=0x000070000072b880)
0x000070000072b880:   000000010efeaadb 00007fff7b5402e0
0x000070000072b890:   00007fff7b5402d8 000000007bbe8208
0x000070000072b8a0:   00007fff985d1277 00007fff97d1eae4
0x000070000072b8b0:   0000000000000000 00000001010449d8
0x000070000072b8c0:   0000000100233830 0000000100139768
0x000070000072b8d0:   0000000200010000 0000000000000000
0x000070000072b8e0:   000070000072b940 00007fff00000000
0x000070000072b8f0:   000000010f6fc080 000000010f692330
0x000070000072b900:   0000000112e61500 0000000100213fa0
0x000070000072b910:   00007fff985d2c70 0000000000000000
0x000070000072b920:   0000000000000001 0000000111bdf280
0x000070000072b930:   0000000000000000 00000000000000e0
0x000070000072b940:   000070000072ba10 00007fff962a1591
0x000070000072b950:   0000000111bdf280 0000000000000001
0x000070000072b960:   0000000000000000 0000000000000000
0x000070000072b970:   00007fff985d1277 0000000111bdd430
0x000070000072b980:   0000000111b59cb0 00007fff7a3414b0
0x000070000072b990:   0000000000000000 0000000000000000
0x000070000072b9a0:   0000000000000000 0000000000000000
0x000070000072b9b0:   000070000072b9d0 000000010efc925e
0x000070000072b9c0:   00007fff985d2c70 0000000100213fa0
0x000070000072b9d0:   000070000072ba10 00007fff97d1eb5a
0x000070000072b9e0:   000000004b286d2e 0000000000000000
0x000070000072b9f0:   000070000072ba80 00000000000000f8
0x000070000072ba00:   0000000000000000 00000000000000e0
0x000070000072ba10:   000070000072ba50 00007fff97e91346
0x000070000072ba20:   0000000000000000 0000000111bdd430
0x000070000072ba30:   00000000000000f8 00007fff962a14c0
0x000070000072ba40:   0000000000000000 00007fff7b5fdc00
0x000070000072ba50:   000070000072bad0 00007fff97e91115
0x000070000072ba60:   0000000000000000 0000000000000000
0x000070000072ba70:   0000000000000000 0000000000000000 

Instructions: (pc=0x000000010efeace9)
0x000000010efeacc9:   ff ff 01 00 00 00 48 8b 85 08 ff ff ff 48 85 c0
0x000000010efeacd9:   0f 84 9f 03 00 00 48 8b 85 08 ff ff ff 48 8b 00
0x000000010efeace9:   48 8b 40 78 48 8b bd 08 ff ff ff ff d0 48 89 85
0x000000010efeacf9:   30 ff ff ff 48 83 bd 30 ff ff ff 00 74 26 48 8b 

Register to memory mapping:

RAX=0x0000000000000000 is an unknown value
RBX=0x0000000111bdd430 is an unknown value
RCX=0x000070000072b854 is an unknown value
RDX=0x0000000000000001 is an unknown value
RSP=0x000070000072b880 is an unknown value
RBP=0x000070000072b9b0 is an unknown value
RSI=0x0000000000000000 is an unknown value
RDI=0x0000000000000000 is an unknown value
R8 =0x0000000000000001 is an unknown value
R9 =0x0000000111bdf280 is an unknown value
R10=0x0000000102a66900 is an unknown value
R11=0x000000010f578a00 is an unknown value
R12=0x00007fff962a14c0: objc_msgSend+0 in /usr/lib/libobjc.A.dylib at 0x00007fff962a0000
R13=0x00007fff962a14c0: objc_msgSend+0 in /usr/lib/libobjc.A.dylib at 0x00007fff962a0000
R14=0x0000000000000000 is an unknown value
R15=0x0000000000000000 is an unknown value


Stack: [0x000070000062c000,0x000070000072c000],  sp=0x000070000072b880,  free space=1022k
Native frames: (J=compiled Java code, j=interpreted, Vv=VM code, C=native code)
C  [libswt-cocoa-3740.jnilib+0x25ce9]  callback+0x297
C  [libswt-cocoa-3740.jnilib+0x425e]  fn0_2+0x27
C  [AppKit+0x18ab5a]  -[NSWindow orderWindow:relativeTo:]+0x76
C  [AppKit+0x2fd346]  __18-[NSWindow _close]_block_invoke+0x1eb
C  [AppKit+0x2fd115]  -[NSWindow _close]+0x176
C  [FinderKit+0xa649b]  -[FI_TFloatingInputWindowController dealloc]+0x3b
C  [libobjc.A.dylib+0x8288]  _ZN11objc_object17sidetable_releaseEb+0xf2
C  [AppKit+0x58995]  -[NSWindowController release]+0x9a
C  [FinderKit+0xa6d3a]  _ZN4TRefIP33FI_TFloatingInputWindowController23OBJCRetainReleasePolicyIS1_EED2Ev+0xc
C  [libsystem_c.dylib+0x5f463]  __cxa_finalize_ranges+0x159
C  [libsystem_c.dylib+0x5f767]  exit+0x37
V  [libjvm.dylib+0x28965c]
V  [libjvm.dylib+0x4aeaf9]
V  [libjvm.dylib+0x4ad87e]
V  [libjvm.dylib+0x4adc6c]
V  [libjvm.dylib+0x4ad61b]
V  [libjvm.dylib+0x3b95f9]
C  [libsystem_pthread.dylib+0x399d]  _pthread_body+0x83
C  [libsystem_pthread.dylib+0x391a]  _pthread_body+0x0
C  [libsystem_pthread.dylib+0x1351]  thread_start+0xd

VM_Operation (0x00007000017de778): Exit, mode: safepoint, requested by thread 0x0000000114b46800


---------------  P R O C E S S  ---------------

Java Threads: ( => current thread )
  0x0000000114b46800 JavaThread "SIGTERM handler" daemon [_thread_blocked, id=106539, stack(0x00007000016df000,0x00007000017df000)]
  0x0000000102de1800 JavaThread "[ThreadPool Manager] - Idle Thread" daemon [_thread_blocked, id=38419, stack(0x0000700002bcf000,0x0000700002ccf000)]
  0x00000001010b6000 JavaThread "Thread-12" [_thread_in_native, id=63259, stack(0x0000700002acc000,0x0000700002bcc000)]
  0x0000000100c76800 JavaThread "Timer-2" daemon [_thread_blocked, id=60423, stack(0x000070000299e000,0x0000700002a9e000)]
  0x00000001010f3000 JavaThread "Timer-1" daemon [_thread_blocked, id=60199, stack(0x000070000289b000,0x000070000299b000)]
  0x000000010107a800 JavaThread "IDLDT DOM Worker-3" [_thread_blocked, id=57859, stack(0x0000700002798000,0x0000700002898000)]
  0x0000000100d89800 JavaThread "IDLDT DOM Worker-2" [_thread_blocked, id=57603, stack(0x0000700002695000,0x0000700002795000)]
  0x0000000101654800 JavaThread "IDLDT DOM Worker-1" [_thread_blocked, id=57347, stack(0x0000700002592000,0x0000700002692000)]
  0x0000000102991800 JavaThread "IDLDT DOM Worker-0" [_thread_blocked, id=56607, stack(0x000070000248f000,0x000070000258f000)]
  0x0000000102947000 JavaThread "Timer-0" daemon [_thread_blocked, id=56859, stack(0x000070000238c000,0x000070000248c000)]
  0x0000000100cc9800 JavaThread "Worker-7" [_thread_blocked, id=57111, stack(0x0000700002289000,0x0000700002389000)]
  0x000000010136a800 JavaThread "Worker-4" [_thread_blocked, id=52671, stack(0x0000700001f80000,0x0000700002080000)]
  0x00000001010d1800 JavaThread "Worker-3" [_thread_blocked, id=52771, stack(0x0000700001e7d000,0x0000700001f7d000)]
  0x00000001019a4000 JavaThread "IDL" [_thread_in_native, id=44035, stack(0x00007000018e5000,0x00007000019e5000)]
  0x0000000101c59000 JavaThread "IDLToJava Broker" daemon [_thread_blocked, id=43779, stack(0x00007000012d3000,0x00007000013d3000)]
  0x0000000102a08800 JavaThread "Provisioning Event Dispatcher" daemon [_thread_blocked, id=41475, stack(0x00007000017e2000,0x00007000018e2000)]
  0x00000001008f3000 JavaThread "Bundle File Closer" daemon [_thread_blocked, id=40963, stack(0x00007000015dc000,0x00007000016dc000)]
  0x00000001019af000 JavaThread "Worker-JM" [_thread_blocked, id=40707, stack(0x00007000014d9000,0x00007000015d9000)]
  0x00000001018f6000 JavaThread "[Timer] - Main Queue Handler" daemon [_thread_blocked, id=40451, stack(0x00007000013d6000,0x00007000014d6000)]
  0x00000001018b1000 JavaThread "Framework Event Dispatcher" daemon [_thread_blocked, id=39947, stack(0x00007000011d0000,0x00007000012d0000)]
  0x00000001018d1800 JavaThread "Start Level Event Dispatcher" daemon [_thread_blocked, id=39683, stack(0x00007000010cd000,0x00007000011cd000)]
  0x00000001018bf000 JavaThread "State Data Manager" daemon [_thread_blocked, id=39427, stack(0x0000700000fca000,0x00007000010ca000)]
  0x00000001018ea800 JavaThread "Framework Active Thread" [_thread_blocked, id=39183, stack(0x0000700000ec7000,0x0000700000fc7000)]
  0x0000000102829800 JavaThread "Service Thread" daemon [_thread_blocked, id=25091, stack(0x0000700000c3e000,0x0000700000d3e000)]
  0x0000000100830000 JavaThread "C2 CompilerThread1" daemon [_thread_blocked, id=24835, stack(0x0000700000b3b000,0x0000700000c3b000)]
  0x0000000101820000 JavaThread "C2 CompilerThread0" daemon [_thread_blocked, id=24579, stack(0x0000700000a38000,0x0000700000b38000)]
  0x000000010181f000 JavaThread "Signal Dispatcher" daemon [_thread_blocked, id=24075, stack(0x0000700000935000,0x0000700000a35000)]
  0x0000000102831000 JavaThread "Finalizer" daemon [_thread_blocked, id=23555, stack(0x0000700000832000,0x0000700000932000)]
  0x0000000102803000 JavaThread "Reference Handler" daemon [_thread_blocked, id=23299, stack(0x000070000072f000,0x000070000082f000)]
  0x000000010102e000 JavaThread "main" [_thread_blocked, id=1295, stack(0x00007fff5f400000,0x00007fff5fc00000)]

Other Threads:
=>0x0000000101044800 VMThread [stack: 0x000070000062c000,0x000070000072c000] [id=23043]

VM state:at safepoint (shutting down)

VM Mutex/Monitor currently owned by a thread:  ([mutex/lock_event])
[0x0000000100121660] Threads_lock - owner thread: 0x0000000101044800

Heap
 PSYoungGen      total 318720K, used 10418K [0x00000007eaab0000, 0x0000000800000000, 0x0000000800000000)
  eden space 287104K, 3% used [0x00000007eaab0000,0x00000007eb4dcb28,0x00000007fc310000)
  from space 31616K, 0% used [0x00000007fe120000,0x00000007fe120000,0x0000000800000000)
  to   space 30784K, 0% used [0x00000007fc310000,0x00000007fc310000,0x00000007fe120000)
 ParOldGen       total 87424K, used 42347K [0x00000007c0000000, 0x00000007c5560000, 0x00000007eaab0000)
  object space 87424K, 48% used [0x00000007c0000000,0x00000007c295acf0,0x00000007c5560000)
 PSPermGen       total 83968K, used 50344K [0x00000007bae00000, 0x00000007c0000000, 0x00000007c0000000)
  object space 83968K, 59% used [0x00000007bae00000,0x00000007bdf2a3f8,0x00000007c0000000)

Card table byte_map: [0x0000000108cfd000,0x0000000108f27000] byte_map_base: 0x0000000104f26000

Polling page: 0x0000000100751000

Code Cache  [0x0000000105c3d000, 0x000000010616d000, 0x0000000108c3d000)
 total_blobs=1848 nmethods=1320 adapters=479 free_code_cache=43943Kb largest_free_block=44898112

Compilation events (10 events):
Event: 441.016 Thread 0x0000000100830000 1429             org.eclipse.swt.internal.cocoa.id::hashCode (6 bytes)
Event: 441.016 Thread 0x0000000100830000 nmethod 1429 0x000000010614c790 code [0x000000010614c8c0, 0x000000010614c918]
Event: 447.569 Thread 0x0000000101820000 1430             org.eclipse.swt.widgets.Display::getWidget (5 bytes)
Event: 447.573 Thread 0x0000000101820000 nmethod 1430 0x0000000106149690 code [0x0000000106149820, 0x0000000106149ae8]
Event: 449.073 Thread 0x0000000100830000 1431             org.eclipse.swt.internal.cocoa.NSView::superview (43 bytes)
Event: 449.075 Thread 0x0000000100830000 nmethod 1431 0x000000010614c450 code [0x000000010614c5a0, 0x000000010614c6a8]
Event: 456.977 Thread 0x0000000101820000 1432             org.eclipse.swt.internal.cocoa.NSWindow::<init> (6 bytes)
Event: 456.978 Thread 0x0000000101820000 nmethod 1432 0x000000010612fe90 code [0x000000010612ffc0, 0x0000000106130038]
Event: 457.237 Thread 0x0000000100830000 1433             org.eclipse.swt.widgets.Display::hasDefaultButton (58 bytes)
Event: 457.242 Thread 0x0000000100830000 nmethod 1433 0x000000010612f690 code [0x000000010612f820, 0x000000010612fa90]

GC Heap History (10 events):
Event: 322.883 GC heap before
{Heap before GC invocations=19 (full 5):
 PSYoungGen      total 317056K, used 128K [0x00000007eaab0000, 0x0000000800000000, 0x0000000800000000)
  eden space 284416K, 0% used [0x00000007eaab0000,0x00000007eaab0000,0x00000007fc070000)
  from space 32640K, 0% used [0x00000007fe020000,0x00000007fe040000,0x0000000800000000)
  to   space 32448K, 0% used [0x00000007fc070000,0x00000007fc070000,0x00000007fe020000)
 ParOldGen       total 87424K, used 41914K [0x00000007c0000000, 0x00000007c5560000, 0x00000007eaab0000)
  object space 87424K, 47% used [0x00000007c0000000,0x00000007c28ee978,0x00000007c5560000)
 PSPermGen       total 83968K, used 50283K [0x00000007bae00000, 0x00000007c0000000, 0x00000007c0000000)
  object space 83968K, 59% used [0x00000007bae00000,0x00000007bdf1ae68,0x00000007c0000000)
Event: 323.011 GC heap after
Heap after GC invocations=19 (full 5):
 PSYoungGen      total 317056K, used 0K [0x00000007eaab0000, 0x0000000800000000, 0x0000000800000000)
  eden space 284416K, 0% used [0x00000007eaab0000,0x00000007eaab0000,0x00000007fc070000)
  from space 32640K, 0% used [0x00000007fe020000,0x00000007fe020000,0x0000000800000000)
  to   space 32448K, 0% used [0x00000007fc070000,0x00000007fc070000,0x00000007fe020000)
 ParOldGen       total 87424K, used 41830K [0x00000007c0000000, 0x00000007c5560000, 0x00000007eaab0000)
  object space 87424K, 47% used [0x00000007c0000000,0x00000007c28d9ba0,0x00000007c5560000)
 PSPermGen       total 83968K, used 50283K [0x00000007bae00000, 0x00000007c0000000, 0x00000007c0000000)
  object space 83968K, 59% used [0x00000007bae00000,0x00000007bdf1ade8,0x00000007c0000000)
}
Event: 382.881 GC heap before
{Heap before GC invocations=20 (full 5):
 PSYoungGen      total 317056K, used 45197K [0x00000007eaab0000, 0x0000000800000000, 0x0000000800000000)
  eden space 284416K, 15% used [0x00000007eaab0000,0x00000007ed6d34b0,0x00000007fc070000)
  from space 32640K, 0% used [0x00000007fe020000,0x00000007fe020000,0x0000000800000000)
  to   space 32448K, 0% used [0x00000007fc070000,0x00000007fc070000,0x00000007fe020000)
 ParOldGen       total 87424K, used 41830K [0x00000007c0000000, 0x00000007c5560000, 0x00000007eaab0000)
  object space 87424K, 47% used [0x00000007c0000000,0x00000007c28d9ba0,0x00000007c5560000)
 PSPermGen       total 83968K, used 50316K [0x00000007bae00000, 0x00000007c0000000, 0x00000007c0000000)
  object space 83968K, 59% used [0x00000007bae00000,0x00000007bdf231f0,0x00000007c0000000)
Event: 382.888 GC heap after
Heap after GC invocations=20 (full 5):
 PSYoungGen      total 316864K, used 2016K [0x00000007eaab0000, 0x0000000800000000, 0x0000000800000000)
  eden space 284416K, 0% used [0x00000007eaab0000,0x00000007eaab0000,0x00000007fc070000)
  from space 32448K, 6% used [0x00000007fc070000,0x00000007fc268010,0x00000007fe020000)
  to   space 31616K, 0% used [0x00000007fe120000,0x00000007fe120000,0x0000000800000000)
 ParOldGen       total 87424K, used 41830K [0x00000007c0000000, 0x00000007c5560000, 0x00000007eaab0000)
  object space 87424K, 47% used [0x00000007c0000000,0x00000007c28d9ba0,0x00000007c5560000)
 PSPermGen       total 83968K, used 50316K [0x00000007bae00000, 0x00000007c0000000, 0x00000007c0000000)
  object space 83968K, 59% used [0x00000007bae00000,0x00000007bdf231f0,0x00000007c0000000)
}
Event: 382.888 GC heap before
{Heap before GC invocations=21 (full 6):
 PSYoungGen      total 316864K, used 2016K [0x00000007eaab0000, 0x0000000800000000, 0x0000000800000000)
  eden space 284416K, 0% used [0x00000007eaab0000,0x00000007eaab0000,0x00000007fc070000)
  from space 32448K, 6% used [0x00000007fc070000,0x00000007fc268010,0x00000007fe020000)
  to   space 31616K, 0% used [0x00000007fe120000,0x00000007fe120000,0x0000000800000000)
 ParOldGen       total 87424K, used 41830K [0x00000007c0000000, 0x00000007c5560000, 0x00000007eaab0000)
  object space 87424K, 47% used [0x00000007c0000000,0x00000007c28d9ba0,0x00000007c5560000)
 PSPermGen       total 83968K, used 50316K [0x00000007bae00000, 0x00000007c0000000, 0x00000007c0000000)
  object space 83968K, 59% used [0x00000007bae00000,0x00000007bdf231f0,0x00000007c0000000)
Event: 383.036 GC heap after
Heap after GC invocations=21 (full 6):
 PSYoungGen      total 316864K, used 0K [0x00000007eaab0000, 0x0000000800000000, 0x0000000800000000)
  eden space 284416K, 0% used [0x00000007eaab0000,0x00000007eaab0000,0x00000007fc070000)
  from space 32448K, 0% used [0x00000007fc070000,0x00000007fc070000,0x00000007fe020000)
  to   space 31616K, 0% used [0x00000007fe120000,0x00000007fe120000,0x0000000800000000)
 ParOldGen       total 87424K, used 42358K [0x00000007c0000000, 0x00000007c5560000, 0x00000007eaab0000)
  object space 87424K, 48% used [0x00000007c0000000,0x00000007c295db88,0x00000007c5560000)
 PSPermGen       total 83968K, used 50316K [0x00000007bae00000, 0x00000007c0000000, 0x00000007c0000000)
  object space 83968K, 59% used [0x00000007bae00000,0x00000007bdf23110,0x00000007c0000000)
}
Event: 442.883 GC heap before
{Heap before GC invocations=22 (full 6):
 PSYoungGen      total 316864K, used 43717K [0x00000007eaab0000, 0x0000000800000000, 0x0000000800000000)
  eden space 284416K, 15% used [0x00000007eaab0000,0x00000007ed561480,0x00000007fc070000)
  from space 32448K, 0% used [0x00000007fc070000,0x00000007fc070000,0x00000007fe020000)
  to   space 31616K, 0% used [0x00000007fe120000,0x00000007fe120000,0x0000000800000000)
 ParOldGen       total 87424K, used 42358K [0x00000007c0000000, 0x00000007c5560000, 0x00000007eaab0000)
  object space 87424K, 48% used [0x00000007c0000000,0x00000007c295db88,0x00000007c5560000)
 PSPermGen       total 83968K, used 50323K [0x00000007bae00000, 0x00000007c0000000, 0x00000007c0000000)
  object space 83968K, 59% used [0x00000007bae00000,0x00000007bdf24fb8,0x00000007c0000000)
Event: 442.887 GC heap after
Heap after GC invocations=22 (full 6):
 PSYoungGen      total 318720K, used 1568K [0x00000007eaab0000, 0x0000000800000000, 0x0000000800000000)
  eden space 287104K, 0% used [0x00000007eaab0000,0x00000007eaab0000,0x00000007fc310000)
  from space 31616K, 4% used [0x00000007fe120000,0x00000007fe2a8010,0x0000000800000000)
  to   space 30784K, 0% used [0x00000007fc310000,0x00000007fc310000,0x00000007fe120000)
 ParOldGen       total 87424K, used 42358K [0x00000007c0000000, 0x00000007c5560000, 0x00000007eaab0000)
  object space 87424K, 48% used [0x00000007c0000000,0x00000007c295db88,0x00000007c5560000)
 PSPermGen       total 83968K, used 50323K [0x00000007bae00000, 0x00000007c0000000, 0x00000007c0000000)
  object space 83968K, 59% used [0x00000007bae00000,0x00000007bdf24fb8,0x00000007c0000000)
}
Event: 442.887 GC heap before
{Heap before GC invocations=23 (full 7):
 PSYoungGen      total 318720K, used 1568K [0x00000007eaab0000, 0x0000000800000000, 0x0000000800000000)
  eden space 287104K, 0% used [0x00000007eaab0000,0x00000007eaab0000,0x00000007fc310000)
  from space 31616K, 4% used [0x00000007fe120000,0x00000007fe2a8010,0x0000000800000000)
  to   space 30784K, 0% used [0x00000007fc310000,0x00000007fc310000,0x00000007fe120000)
 ParOldGen       total 87424K, used 42358K [0x00000007c0000000, 0x00000007c5560000, 0x00000007eaab0000)
  object space 87424K, 48% used [0x00000007c0000000,0x00000007c295db88,0x00000007c5560000)
 PSPermGen       total 83968K, used 50323K [0x00000007bae00000, 0x00000007c0000000, 0x00000007c0000000)
  object space 83968K, 59% used [0x00000007bae00000,0x00000007bdf24fb8,0x00000007c0000000)
Event: 443.044 GC heap after
Heap after GC invocations=23 (full 7):
 PSYoungGen      total 318720K, used 0K [0x00000007eaab0000, 0x0000000800000000, 0x0000000800000000)
  eden space 287104K, 0% used [0x00000007eaab0000,0x00000007eaab0000,0x00000007fc310000)
  from space 31616K, 0% used [0x00000007fe120000,0x00000007fe120000,0x0000000800000000)
  to   space 30784K, 0% used [0x00000007fc310000,0x00000007fc310000,0x00000007fe120000)
 ParOldGen       total 87424K, used 42347K [0x00000007c0000000, 0x00000007c5560000, 0x00000007eaab0000)
  object space 87424K, 48% used [0x00000007c0000000,0x00000007c295acf0,0x00000007c5560000)
 PSPermGen       total 83968K, used 50323K [0x00000007bae00000, 0x00000007c0000000, 0x00000007c0000000)
  object space 83968K, 59% used [0x00000007bae00000,0x00000007bdf24ef8,0x00000007c0000000)
}

Deoptimization events (10 events):
Event: 225.198 Thread 0x000000010102e000 Uncommon trap -34 fr.pc 0x00000001060da090
Event: 225.200 Thread 0x000000010102e000 Uncommon trap -34 fr.pc 0x00000001060da090
Event: 225.200 Thread 0x000000010102e000 Uncommon trap -34 fr.pc 0x0000000105e7fc40
Event: 225.228 Thread 0x000000010102e000 Uncommon trap -34 fr.pc 0x000000010601ef6c
Event: 276.387 Thread 0x000000010102e000 Uncommon trap -58 fr.pc 0x00000001060bc738
Event: 329.701 Thread 0x000000010102e000 Uncommon trap -58 fr.pc 0x00000001060ace14
Event: 329.708 Thread 0x000000010102e000 Uncommon trap -58 fr.pc 0x0000000105f33a70
Event: 329.725 Thread 0x000000010102e000 Uncommon trap -34 fr.pc 0x0000000105e7fc40
Event: 333.286 Thread 0x000000010102e000 Uncommon trap -58 fr.pc 0x00000001060bc738
Event: 338.194 Thread 0x000000010102e000 Uncommon trap -58 fr.pc 0x00000001060ace14

Internal exceptions (10 events):
Event: 456.310 Thread 0x000000010136a800 Threw 0x00000007eae7d400 at /HUDSON/workspace/jdk7u25-2-build-macosx-amd64-product/jdk7u25/hotspot/src/share/vm/prims/nativeLookup.
Event: 456.310 Thread 0x000000010136a800 Threw 0x00000007eae7dc78 at /HUDSON/workspace/jdk7u25-2-build-macosx-amd64-product/jdk7u25/hotspot/src/share/vm/prims/nativeLookup.
Event: 456.310 Thread 0x000000010136a800 Threw 0x00000007eae7e4e8 at /HUDSON/workspace/jdk7u25-2-build-macosx-amd64-product/jdk7u25/hotspot/src/share/vm/prims/nativeLookup.
Event: 456.310 Thread 0x000000010136a800 Threw 0x00000007eae7edb0 at /HUDSON/workspace/jdk7u25-2-build-macosx-amd64-product/jdk7u25/hotspot/src/share/vm/prims/nativeLookup.
Event: 456.310 Thread 0x000000010136a800 Threw 0x00000007eae7f638 at /HUDSON/workspace/jdk7u25-2-build-macosx-amd64-product/jdk7u25/hotspot/src/share/vm/prims/nativeLookup.
Event: 456.310 Thread 0x000000010136a800 Threw 0x00000007eae7fe68 at /HUDSON/workspace/jdk7u25-2-build-macosx-amd64-product/jdk7u25/hotspot/src/share/vm/prims/nativeLookup.
Event: 456.310 Thread 0x000000010136a800 Threw 0x00000007eae80688 at /HUDSON/workspace/jdk7u25-2-build-macosx-amd64-product/jdk7u25/hotspot/src/share/vm/prims/nativeLookup.
Event: 456.310 Thread 0x000000010136a800 Threw 0x00000007eae80e90 at /HUDSON/workspace/jdk7u25-2-build-macosx-amd64-product/jdk7u25/hotspot/src/share/vm/prims/nativeLookup.
Event: 456.310 Thread 0x000000010136a800 Threw 0x00000007eae81700 at /HUDSON/workspace/jdk7u25-2-build-macosx-amd64-product/jdk7u25/hotspot/src/share/vm/prims/nativeLookup.
Event: 456.310 Thread 0x000000010136a800 Threw 0x00000007eae81ee0 at /HUDSON/workspace/jdk7u25-2-build-macosx-amd64-product/jdk7u25/hotspot/src/share/vm/prims/nativeLookup.

Events (10 events):
Event: 457.901 Thread 0x0000000114b46800 Thread added: 0x0000000114b46800
Event: 457.901 loading class 0x00000001006527a0
Event: 457.901 loading class 0x00000001006527a0 done
Event: 457.901 loading class 0x00000001006528e0
Event: 457.901 loading class 0x0000000100652920
Event: 457.901 loading class 0x0000000100652920 done
Event: 457.901 loading class 0x00000001006528e0 done
Event: 457.901 Thread 0x00000001141ba000 Thread added: 0x00000001141ba000
Event: 457.901 Thread 0x00000001141ba000 Thread exited: 0x00000001141ba000
Event: 457.902 Executing VM operation: Exit


Dynamic libraries:
0x00000000087a5000 	/System/Library/Frameworks/Cocoa.framework/Versions/A/Cocoa
0x00000000087a5000 	/usr/lib/libSystem.B.dylib
0x00000000087a5000 	/System/Library/Frameworks/CoreServices.framework/Versions/A/CoreServices
0x00000000087a5000 	/usr/lib/libobjc.A.dylib
0x00000000087a5000 	/System/Library/Frameworks/CoreFoundation.framework/Versions/A/CoreFoundation
0x00000000087a5000 	/System/Library/Frameworks/AppKit.framework/Versions/C/AppKit
0x00000000087a5000 	/System/Library/Frameworks/ApplicationServices.framework/Versions/A/ApplicationServices
0x00000000087a5000 	/System/Library/Frameworks/Foundation.framework/Versions/C/Foundation
0x00000000087a5000 	/System/Library/Frameworks/CoreData.framework/Versions/A/CoreData
0x00000000087a5000 	/System/Library/PrivateFrameworks/RemoteViewServices.framework/Versions/A/RemoteViewServices
0x00000000087a5000 	/System/Library/PrivateFrameworks/UIFoundation.framework/Versions/A/UIFoundation
0x00000000087a5000 	/usr/lib/libScreenReader.dylib
0x00000000087a5000 	/System/Library/Frameworks/Accelerate.framework/Versions/A/Accelerate
0x00000000087a5000 	/System/Library/Frameworks/IOSurface.framework/Versions/A/IOSurface
0x00000000087a5000 	/System/Library/Frameworks/AudioToolbox.framework/Versions/A/AudioToolbox
0x00000000087a5000 	/System/Library/Frameworks/AudioUnit.framework/Versions/A/AudioUnit
0x00000000087a5000 	/System/Library/PrivateFrameworks/DataDetectorsCore.framework/Versions/A/DataDetectorsCore
0x00000000087a5000 	/System/Library/PrivateFrameworks/DesktopServicesPriv.framework/Versions/A/DesktopServicesPriv
0x00000000087a5000 	/System/Library/Frameworks/Carbon.framework/Versions/A/Frameworks/HIToolbox.framework/Versions/A/HIToolbox
0x00000000087a5000 	/System/Library/Frameworks/QuartzCore.framework/Versions/A/QuartzCore
0x00000000087a5000 	/System/Library/Frameworks/Security.framework/Versions/A/Security
0x00000000087a5000 	/System/Library/Frameworks/Carbon.framework/Versions/A/Frameworks/SpeechRecognition.framework/Versions/A/SpeechRecognition
0x00000000087a5000 	/usr/lib/libauto.dylib
0x00000000087a5000 	/usr/lib/libicucore.A.dylib
0x00000000087a5000 	/usr/lib/libxml2.2.dylib
0x00000000087a5000 	/usr/lib/libz.1.dylib
0x00000000087a5000 	/System/Library/PrivateFrameworks/CoreUI.framework/Versions/A/CoreUI
0x00000000087a5000 	/System/Library/Frameworks/CoreAudio.framework/Versions/A/CoreAudio
0x00000000087a5000 	/System/Library/Frameworks/DiskArbitration.framework/Versions/A/DiskArbitration
0x00000000087a5000 	/usr/lib/liblangid.dylib
0x00000000087a5000 	/System/Library/PrivateFrameworks/MultitouchSupport.framework/Versions/A/MultitouchSupport
0x00000000087a5000 	/System/Library/Frameworks/IOKit.framework/Versions/A/IOKit
0x00000000087a5000 	/usr/lib/libDiagnosticMessagesClient.dylib
0x00000000087a5000 	/System/Library/PrivateFrameworks/PerformanceAnalysis.framework/Versions/A/PerformanceAnalysis
0x00000000087a5000 	/System/Library/PrivateFrameworks/GenerationalStorage.framework/Versions/A/GenerationalStorage
0x00000000087a5000 	/System/Library/Frameworks/OpenGL.framework/Versions/A/OpenGL
0x00000000087a5000 	/System/Library/PrivateFrameworks/Sharing.framework/Versions/A/Sharing
0x00000000087a5000 	/System/Library/Frameworks/CoreGraphics.framework/Versions/A/CoreGraphics
0x00000000087a5000 	/System/Library/Frameworks/CoreImage.framework/Versions/A/CoreImage
0x00000000087a5000 	/System/Library/Frameworks/CoreText.framework/Versions/A/CoreText
0x00000000087a5000 	/System/Library/Frameworks/ImageIO.framework/Versions/A/ImageIO
0x00000000087a5000 	/System/Library/PrivateFrameworks/Backup.framework/Versions/A/Backup
0x00000000087a5000 	/usr/lib/libextension.dylib
0x00000000087a5000 	/usr/lib/libarchive.2.dylib
0x00000000087a5000 	/System/Library/Frameworks/CFNetwork.framework/Versions/A/CFNetwork
0x00000000087a5000 	/System/Library/Frameworks/SystemConfiguration.framework/Versions/A/SystemConfiguration
0x00000000087a5000 	/usr/lib/libCRFSuite.dylib
0x00000000087a5000 	/usr/lib/libc++.1.dylib
0x00000000087a5000 	/usr/lib/libc++abi.dylib
0x00000000087a5000 	/usr/lib/system/libcache.dylib
0x00000000087a5000 	/usr/lib/system/libcommonCrypto.dylib
0x00000000087a5000 	/usr/lib/system/libcompiler_rt.dylib
0x00000000087a5000 	/usr/lib/system/libcopyfile.dylib
0x00000000087a5000 	/usr/lib/system/libcorecrypto.dylib
0x00000000087a5000 	/usr/lib/system/libdispatch.dylib
0x00000000087a5000 	/usr/lib/system/libdyld.dylib
0x00000000087a5000 	/usr/lib/system/libkeymgr.dylib
0x00000000087a5000 	/usr/lib/system/liblaunch.dylib
0x00000000087a5000 	/usr/lib/system/libmacho.dylib
0x00000000087a5000 	/usr/lib/system/libquarantine.dylib
0x00000000087a5000 	/usr/lib/system/libremovefile.dylib
0x00000000087a5000 	/usr/lib/system/libsystem_asl.dylib
0x00000000087a5000 	/usr/lib/system/libsystem_blocks.dylib
0x00000000087a5000 	/usr/lib/system/libsystem_c.dylib
0x00000000087a5000 	/usr/lib/system/libsystem_configuration.dylib
0x00000000087a5000 	/usr/lib/system/libsystem_coreservices.dylib
0x00000000087a5000 	/usr/lib/system/libsystem_coretls.dylib
0x00000000087a5000 	/usr/lib/system/libsystem_dnssd.dylib
0x00000000087a5000 	/usr/lib/system/libsystem_info.dylib
0x00000000087a5000 	/usr/lib/system/libsystem_kernel.dylib
0x00000000087a5000 	/usr/lib/system/libsystem_m.dylib
0x00000000087a5000 	/usr/lib/system/libsystem_malloc.dylib
0x00000000087a5000 	/usr/lib/system/libsystem_network.dylib
0x00000000087a5000 	/usr/lib/system/libsystem_networkextension.dylib
0x00000000087a5000 	/usr/lib/system/libsystem_notify.dylib
0x00000000087a5000 	/usr/lib/system/libsystem_platform.dylib
0x00000000087a5000 	/usr/lib/system/libsystem_pthread.dylib
0x00000000087a5000 	/usr/lib/system/libsystem_sandbox.dylib
0x00000000087a5000 	/usr/lib/system/libsystem_secinit.dylib
0x00000000087a5000 	/usr/lib/system/libsystem_trace.dylib
0x00000000087a5000 	/usr/lib/system/libunc.dylib
0x00000000087a5000 	/usr/lib/system/libunwind.dylib
0x00000000087a5000 	/usr/lib/system/libxpc.dylib
0x00000000087a5000 	/usr/lib/libenergytrace.dylib
0x00000000087a5000 	/usr/lib/libbsm.0.dylib
0x00000000087a5000 	/usr/lib/system/libkxld.dylib
0x00000000087a5000 	/usr/lib/libxar.1.dylib
0x00000000087a5000 	/usr/lib/libsqlite3.dylib
0x00000000087a5000 	/usr/lib/libpam.2.dylib
0x00000000087a5000 	/usr/lib/libOpenScriptingUtil.dylib
0x00000000087a5000 	/usr/lib/libbz2.1.0.dylib
0x00000000087a5000 	/usr/lib/liblzma.5.dylib
0x00000000087a5000 	/System/Library/Frameworks/CoreServices.framework/Versions/A/Frameworks/FSEvents.framework/Versions/A/FSEvents
0x00000000087a5000 	/System/Library/Frameworks/CoreServices.framework/Versions/A/Frameworks/CarbonCore.framework/Versions/A/CarbonCore
0x00000000087a5000 	/System/Library/Frameworks/CoreServices.framework/Versions/A/Frameworks/Metadata.framework/Versions/A/Metadata
0x00000000087a5000 	/System/Library/Frameworks/CoreServices.framework/Versions/A/Frameworks/OSServices.framework/Versions/A/OSServices
0x00000000087a5000 	/System/Library/Frameworks/CoreServices.framework/Versions/A/Frameworks/SearchKit.framework/Versions/A/SearchKit
0x00000000087a5000 	/System/Library/Frameworks/CoreServices.framework/Versions/A/Frameworks/AE.framework/Versions/A/AE
0x00000000087a5000 	/System/Library/Frameworks/CoreServices.framework/Versions/A/Frameworks/LaunchServices.framework/Versions/A/LaunchServices
0x00000000087a5000 	/System/Library/Frameworks/CoreServices.framework/Versions/A/Frameworks/DictionaryServices.framework/Versions/A/DictionaryServices
0x00000000087a5000 	/System/Library/Frameworks/CoreServices.framework/Versions/A/Frameworks/SharedFileList.framework/Versions/A/SharedFileList
0x00000000087a5000 	/System/Library/Frameworks/NetFS.framework/Versions/A/NetFS
0x00000000087a5000 	/System/Library/PrivateFrameworks/NetAuth.framework/Versions/A/NetAuth
0x00000000087a5000 	/System/Library/PrivateFrameworks/login.framework/Versions/A/Frameworks/loginsupport.framework/Versions/A/loginsupport
0x00000000087a5000 	/System/Library/PrivateFrameworks/TCC.framework/Versions/A/TCC
0x00000000087a5000 	/usr/lib/libmecabra.dylib
0x00000000087a5000 	/System/Library/Frameworks/ApplicationServices.framework/Versions/A/Frameworks/ATS.framework/Versions/A/ATS
0x00000000087a5000 	/System/Library/Frameworks/ApplicationServices.framework/Versions/A/Frameworks/ColorSync.framework/Versions/A/ColorSync
0x00000000087a5000 	/System/Library/Frameworks/ApplicationServices.framework/Versions/A/Frameworks/HIServices.framework/Versions/A/HIServices
0x00000000087a5000 	/System/Library/Frameworks/ApplicationServices.framework/Versions/A/Frameworks/LangAnalysis.framework/Versions/A/LangAnalysis
0x00000000087a5000 	/System/Library/Frameworks/ApplicationServices.framework/Versions/A/Frameworks/PrintCore.framework/Versions/A/PrintCore
0x00000000087a5000 	/System/Library/Frameworks/ApplicationServices.framework/Versions/A/Frameworks/QD.framework/Versions/A/QD
0x00000000087a5000 	/System/Library/Frameworks/ApplicationServices.framework/Versions/A/Frameworks/SpeechSynthesis.framework/Versions/A/SpeechSynthesis
0x00000000087a5000 	/System/Library/Frameworks/Metal.framework/Versions/A/Metal
0x00000000087a5000 	/System/Library/Frameworks/Accelerate.framework/Versions/A/Frameworks/vImage.framework/Versions/A/vImage
0x00000000087a5000 	/System/Library/Frameworks/Accelerate.framework/Versions/A/Frameworks/vecLib.framework/Versions/A/vecLib
0x00000000087a5000 	/System/Library/Frameworks/Accelerate.framework/Versions/A/Frameworks/vecLib.framework/Versions/A/libvDSP.dylib
0x00000000087a5000 	/System/Library/Frameworks/Accelerate.framework/Versions/A/Frameworks/vecLib.framework/Versions/A/libvMisc.dylib
0x00000000087a5000 	/System/Library/Frameworks/Accelerate.framework/Versions/A/Frameworks/vecLib.framework/Versions/A/libLAPACK.dylib
0x00000000087a5000 	/System/Library/Frameworks/Accelerate.framework/Versions/A/Frameworks/vecLib.framework/Versions/A/libBLAS.dylib
0x00000000087a5000 	/System/Library/Frameworks/Accelerate.framework/Versions/A/Frameworks/vecLib.framework/Versions/A/libLinearAlgebra.dylib
0x00000000087a5000 	/System/Library/Frameworks/Accelerate.framework/Versions/A/Frameworks/vecLib.framework/Versions/A/libSparseBLAS.dylib
0x00000000087a5000 	/System/Library/PrivateFrameworks/GPUCompiler.framework/libmetal_timestamp.dylib
0x00000000087a5000 	/System/Library/Frameworks/OpenGL.framework/Versions/A/Libraries/libCoreFSCache.dylib
0x00000000087a5000 	/System/Library/PrivateFrameworks/IOAccelerator.framework/Versions/A/IOAccelerator
0x00000000087a5000 	/System/Library/Frameworks/ApplicationServices.framework/Versions/A/Frameworks/ATS.framework/Versions/A/Resources/libFontParser.dylib
0x00000000087a5000 	/System/Library/Frameworks/ApplicationServices.framework/Versions/A/Frameworks/ATS.framework/Versions/A/Resources/libFontRegistry.dylib
0x00000000087a5000 	/System/Library/PrivateFrameworks/AppleVPA.framework/Versions/A/AppleVPA
0x00000000087a5000 	/System/Library/PrivateFrameworks/AppleJPEG.framework/Versions/A/AppleJPEG
0x00000000087a5000 	/System/Library/Frameworks/ImageIO.framework/Versions/A/Resources/libJPEG.dylib
0x00000000087a5000 	/System/Library/Frameworks/ImageIO.framework/Versions/A/Resources/libTIFF.dylib
0x00000000087a5000 	/System/Library/Frameworks/ImageIO.framework/Versions/A/Resources/libPng.dylib
0x00000000087a5000 	/System/Library/Frameworks/ImageIO.framework/Versions/A/Resources/libGIF.dylib
0x00000000087a5000 	/System/Library/Frameworks/ImageIO.framework/Versions/A/Resources/libJP2.dylib
0x00000000087a5000 	/System/Library/Frameworks/ImageIO.framework/Versions/A/Resources/libRadiance.dylib
0x00000000087a5000 	/System/Library/Frameworks/CoreVideo.framework/Versions/A/CoreVideo
0x00000000087a5000 	/System/Library/Frameworks/OpenGL.framework/Versions/A/Libraries/libGLU.dylib
0x00000000087a5000 	/System/Library/Frameworks/OpenGL.framework/Versions/A/Libraries/libGFXShared.dylib
0x00000000087a5000 	/System/Library/Frameworks/OpenGL.framework/Versions/A/Libraries/libGL.dylib
0x00000000087a5000 	/System/Library/Frameworks/OpenGL.framework/Versions/A/Libraries/libGLImage.dylib
0x00000000087a5000 	/System/Library/Frameworks/OpenGL.framework/Versions/A/Libraries/libCVMSPluginSupport.dylib
0x00000000087a5000 	/System/Library/Frameworks/OpenGL.framework/Versions/A/Libraries/libCoreVMClient.dylib
0x00000000087a5000 	/usr/lib/libcompression.dylib
0x00000000087a5000 	/usr/lib/libcups.2.dylib
0x00000000087a5000 	/System/Library/Frameworks/Kerberos.framework/Versions/A/Kerberos
0x00000000087a5000 	/System/Library/Frameworks/GSS.framework/Versions/A/GSS
0x00000000087a5000 	/usr/lib/libresolv.9.dylib
0x00000000087a5000 	/usr/lib/libiconv.2.dylib
0x00000000087a5000 	/System/Library/PrivateFrameworks/Heimdal.framework/Versions/A/Heimdal
0x00000000087a5000 	/usr/lib/libheimdal-asn1.dylib
0x00000000087a5000 	/System/Library/Frameworks/OpenDirectory.framework/Versions/A/OpenDirectory
0x00000000087a5000 	/System/Library/PrivateFrameworks/CommonAuth.framework/Versions/A/CommonAuth
0x00000000087a5000 	/System/Library/Frameworks/OpenDirectory.framework/Versions/A/Frameworks/CFOpenDirectory.framework/Versions/A/CFOpenDirectory
0x00000000087a5000 	/System/Library/Frameworks/SecurityFoundation.framework/Versions/A/SecurityFoundation
0x00000000087a5000 	/System/Library/PrivateFrameworks/LanguageModeling.framework/Versions/A/LanguageModeling
0x00000000087a5000 	/usr/lib/libmarisa.dylib
0x00000000087a5000 	/usr/lib/libChineseTokenizer.dylib
0x00000000087a5000 	/usr/lib/libcmph.dylib
0x00000000087a5000 	/System/Library/Frameworks/ServiceManagement.framework/Versions/A/ServiceManagement
0x00000000087a5000 	/usr/lib/libxslt.1.dylib
0x00000000087a5000 	/System/Library/Frameworks/Carbon.framework/Versions/A/Frameworks/Ink.framework/Versions/A/Ink
0x00000000087a5000 	/usr/lib/libFosl_dynamic.dylib
0x00000000087a5000 	/System/Library/PrivateFrameworks/FaceCore.framework/Versions/A/FaceCore
0x00000000087a5000 	/System/Library/Frameworks/OpenCL.framework/Versions/A/OpenCL
0x00000000087a5000 	/System/Library/PrivateFrameworks/CrashReporterSupport.framework/Versions/A/CrashReporterSupport
0x00000000087a5000 	/System/Library/PrivateFrameworks/IconServices.framework/Versions/A/IconServices
0x00000000087a5000 	/System/Library/PrivateFrameworks/Apple80211.framework/Versions/A/Apple80211
0x00000000087a5000 	/System/Library/Frameworks/CoreWLAN.framework/Versions/A/CoreWLAN
0x00000000087a5000 	/System/Library/Frameworks/IOBluetooth.framework/Versions/A/IOBluetooth
0x00000000087a5000 	/System/Library/PrivateFrameworks/CoreWiFi.framework/Versions/A/CoreWiFi
0x00000000087a5000 	/System/Library/Frameworks/CoreBluetooth.framework/Versions/A/CoreBluetooth
0x00000000087a5000 	/System/Library/PrivateFrameworks/ChunkingLibrary.framework/Versions/A/ChunkingLibrary
0x00000000087a5000 	/System/Library/PrivateFrameworks/DebugSymbols.framework/Versions/A/DebugSymbols
0x00000000087a5000 	/System/Library/PrivateFrameworks/CoreSymbolication.framework/Versions/A/CoreSymbolication
0x00000000087a5000 	/System/Library/PrivateFrameworks/Symbolication.framework/Versions/A/Symbolication
0x00000000087a5000 	/System/Library/PrivateFrameworks/SpeechRecognitionCore.framework/Versions/A/SpeechRecognitionCore
0x00000001000b8000 	/Applications/idl85/idlde/plugins/org.eclipse.equinox.launcher.cocoa.macosx.x86_64_1.1.101.v20120109-1504/eclipse_1408.so
0x00000000087a5000 	/System/Library/PrivateFrameworks/CoreServicesInternal.framework/Versions/A/CoreServicesInternal
0x0000000105194000 	/Applications/idl85/idlde/bin.darwin.x86_64/jre/lib/server/libjvm.dylib
0x00000000087a5000 	/usr/lib/libstdc++.6.dylib
0x0000000100714000 	/Applications/idl85/idlde/bin.darwin.x86_64/jre/lib/libverify.dylib
0x0000000100721000 	/Applications/idl85/idlde/bin.darwin.x86_64/jre/lib/libjava.dylib
0x000000010075a000 	/Applications/idl85/idlde/bin.darwin.x86_64/jre/lib/libzip.dylib
0x000000010cd75000 	/System/Library/Frameworks/JavaVM.framework/Frameworks/JavaRuntimeSupport.framework/JavaRuntimeSupport
0x000000010cd90000 	/System/Library/Frameworks/JavaVM.framework/Versions/A/Frameworks/JavaNativeFoundation.framework/Versions/A/JavaNativeFoundation
0x00000001007ec000 	/System/Library/Frameworks/JavaVM.framework/Versions/A/JavaVM
0x00000000087a5000 	/System/Library/Frameworks/Carbon.framework/Versions/A/Carbon
0x000000010cda5000 	/System/Library/PrivateFrameworks/JavaLaunching.framework/Versions/A/JavaLaunching
0x00000000087a5000 	/System/Library/Frameworks/Carbon.framework/Versions/A/Frameworks/CommonPanels.framework/Versions/A/CommonPanels
0x00000000087a5000 	/System/Library/Frameworks/Carbon.framework/Versions/A/Frameworks/Help.framework/Versions/A/Help
0x00000000087a5000 	/System/Library/Frameworks/Carbon.framework/Versions/A/Frameworks/ImageCapture.framework/Versions/A/ImageCapture
0x00000000087a5000 	/System/Library/Frameworks/Carbon.framework/Versions/A/Frameworks/OpenScripting.framework/Versions/A/OpenScripting
0x00000000087a5000 	/System/Library/Frameworks/Carbon.framework/Versions/A/Frameworks/Print.framework/Versions/A/Print
0x00000000087a5000 	/System/Library/Frameworks/Carbon.framework/Versions/A/Frameworks/SecurityHI.framework/Versions/A/SecurityHI
0x00000000087a5000 	/System/Library/CoreServices/RawCamera.bundle/Contents/MacOS/RawCamera
0x00000000087a5000 	/System/Library/Frameworks/CoreGraphics.framework/Versions/A/Resources/libRIP.A.dylib
0x00000000087a5000 	/System/Library/Frameworks/Accelerate.framework/Versions/A/Frameworks/vImage.framework/Versions/A/Libraries/libCGInterfaces.dylib
0x00000000087a5000 	/System/Library/PrivateFrameworks/FamilyControls.framework/Versions/A/FamilyControls
0x00000000087a5000 	/System/Library/PrivateFrameworks/CommerceKit.framework/Versions/A/Frameworks/CommerceCore.framework/Versions/A/CommerceCore
0x00000000087a5000 	/System/Library/PrivateFrameworks/SystemAdministration.framework/Versions/A/SystemAdministration
0x00000000087a5000 	/System/Library/PrivateFrameworks/AppContainer.framework/Versions/A/AppContainer
0x00000000087a5000 	/System/Library/PrivateFrameworks/SecCodeWrapper.framework/Versions/A/SecCodeWrapper
0x00000000087a5000 	/System/Library/Frameworks/DirectoryService.framework/Versions/A/DirectoryService
0x00000000087a5000 	/System/Library/PrivateFrameworks/DiskImages.framework/Versions/A/DiskImages
0x00000000087a5000 	/System/Library/PrivateFrameworks/LoginUIKit.framework/Versions/A/Frameworks/LoginUICore.framework/Versions/A/LoginUICore
0x00000000087a5000 	/usr/lib/libCoreStorage.dylib
0x00000000087a5000 	/usr/lib/libcsfde.dylib
0x00000000087a5000 	/usr/lib/libodfde.dylib
0x00000000087a5000 	/System/Library/Frameworks/DiscRecording.framework/Versions/A/DiscRecording
0x000000010df87000 	/Applications/idl85/bin/bin.darwin.x86_64/libcurl.4.dylib
0x00000000087a5000 	/System/Library/PrivateFrameworks/MediaKit.framework/Versions/A/MediaKit
0x00000000087a5000 	/System/Library/PrivateFrameworks/ProtectedCloudStorage.framework/Versions/A/ProtectedCloudStorage
0x00000000087a5000 	/System/Library/PrivateFrameworks/EFILogin.framework/Versions/A/EFILogin
0x00000000087a5000 	/usr/lib/libutil.dylib
0x00000000087a5000 	/System/Library/PrivateFrameworks/FindMyDevice.framework/Versions/A/FindMyDevice
0x00000000087a5000 	/System/Library/Frameworks/CoreGraphics.framework/Versions/A/Resources/libCGXType.A.dylib
0x00000000087a5000 	/System/Library/Frameworks/OpenCL.framework/Versions/A/Libraries/libcldcpuengine.dylib
0x000000010f095000 	cl_kernels
0x00000000087a5000 	/System/Library/Frameworks/OpenCL.framework/Versions/A/Libraries/ImageFormats/unorm8_bgra.dylib
0x00000000087a5000 	/System/Library/Frameworks/OpenCL.framework/Versions/A/Libraries/ImageFormats/unorm8_rgba.dylib
0x000000010f28d000 	/Applications/idl85/idlde/bin.darwin.x86_64/jre/lib/libnet.dylib
0x000000010f2a2000 	/Applications/idl85/idlde/bin.darwin.x86_64/jre/lib/libnio.dylib
0x000000010efc5000 	/Users/varunkapoor/.swt/lib/macosx/x86_64/libswt-cocoa-3740.jnilib
0x00000000087a5000 	/System/Library/Frameworks/WebKit.framework/Versions/A/WebKit
0x00000000087a5000 	/System/Library/Frameworks/JavaScriptCore.framework/Versions/A/JavaScriptCore
0x00000000087a5000 	/System/Library/Frameworks/SecurityInterface.framework/Versions/A/SecurityInterface
0x00000000087a5000 	/System/Library/Frameworks/WebKit.framework/Versions/A/Frameworks/WebKitLegacy.framework/Versions/A/WebKitLegacy
0x00000000087a5000 	/System/Library/Frameworks/WebKit.framework/Versions/A/Frameworks/WebCore.framework/Versions/A/WebCore
0x000000010f097000 	/Users/varunkapoor/.swt/lib/macosx/x86_64/libswt-pi-cocoa-3740.jnilib
0x000000010f8bc000 	/Applications/idl85/bin/bin.darwin.x86_64/libidl_ips.8.5.dylib
0x0000000110039000 	/Applications/idl85/bin/bin.darwin.x86_64/libidl.8.5.dylib
0x000000010fd5f000 	/opt/X11/lib/libfreetype.6.dylib
0x000000010fa44000 	/Applications/idl85/bin/bin.darwin.x86_64/libMesaGLU6_2.dylib
0x0000000110bc6000 	/Applications/idl85/bin/bin.darwin.x86_64/libMesaGL6_2.dylib
0x000000010f371000 	/Applications/idl85/bin/bin.darwin.x86_64/libOSMesa6_2.dylib
0x000000010f37b000 	/opt/X11/lib/libXp.6.dylib
0x0000000110e08000 	/Applications/idl85/bin/bin.darwin.x86_64/libXm.3.0.2.dylib
0x000000010f3de000 	/opt/X11/lib/libXpm.4.dylib
0x000000010fa6e000 	/opt/X11/lib/libXmu.6.dylib
0x000000010fa8a000 	/opt/X11/lib/libXext.6.dylib
0x0000000111217000 	/opt/X11/lib/libXt.6.dylib
0x000000010f3f1000 	/opt/X11/lib/libXinerama.1.dylib
0x000000010f404000 	/opt/X11/lib/libSM.6.dylib
0x0000000111278000 	/opt/X11/lib/libICE.6.dylib
0x0000000111295000 	/opt/X11/lib/libX11.6.dylib
0x00000001113cb000 	/opt/X11/lib/libxcb.1.dylib
0x000000010f456000 	/opt/X11/lib/libXau.6.dylib
0x000000010f4b0000 	/opt/X11/lib/libXdmcp.6.dylib
0x00000001113f2000 	/opt/X11/lib/libXt.7.dylib
0x000000011151a000 	/Applications/idl85/bin/bin.darwin.x86_64/gl_driver.so
0x0000000111d95000 	/opt/X11/lib/libGL.1.dylib
0x000000010e2e0000 	/opt/X11/lib/libXplugin.1.dylib
0x000000011172d000 	/opt/X11/lib/libglapi.0.dylib
0x000000010e2f8000 	/opt/X11/lib/libXdamage.1.dylib
0x000000010ecf4000 	/opt/X11/lib/libXfixes.3.dylib
0x000000010e2fe000 	/opt/X11/lib/libX11-xcb.1.dylib
0x000000010ecfd000 	/opt/X11/lib/libxcb-glx.0.dylib
0x000000010ed19000 	/opt/X11/lib/libXxf86vm.1.dylib
0x000000010fff1000 	/usr/lib/libexpat.1.dylib
0x00000000087a5000 	/System/Library/PrivateFrameworks/CloudDocs.framework/Versions/A/CloudDocs
0x00000000087a5000 	/System/Library/PrivateFrameworks/CoreDuet.framework/Versions/A/CoreDuet
0x00000000087a5000 	/System/Library/Frameworks/CloudKit.framework/Versions/A/CloudKit
0x00000000087a5000 	/System/Library/PrivateFrameworks/ProtocolBuffer.framework/Versions/A/ProtocolBuffer
0x00000000087a5000 	/System/Library/PrivateFrameworks/CoreDuetDaemonProtocol.framework/Versions/A/CoreDuetDaemonProtocol
0x00000000087a5000 	/System/Library/PrivateFrameworks/CoreDuetDebugLogging.framework/Versions/A/CoreDuetDebugLogging
0x00000000087a5000 	/System/Library/PrivateFrameworks/MMCS.framework/Versions/A/MMCS
0x00000000087a5000 	/System/Library/Frameworks/CoreLocation.framework/Versions/A/CoreLocation
0x00000000087a5000 	/System/Library/PrivateFrameworks/AssetCacheServices.framework/Versions/A/AssetCacheServices
0x00000000087a5000 	/System/Library/PrivateFrameworks/GeoServices.framework/Versions/A/GeoServices
0x00000000087a5000 	/System/Library/Frameworks/CoreGraphics.framework/Versions/A/Resources/libCGXCoreImage.A.dylib
0x000000010e250000 	cl_kernels
0x000000010e1f6000 	cl_kernels
0x00000000087a5000 	/System/Library/PrivateFrameworks/FinderKit.framework/Versions/A/FinderKit
0x00000000087a5000 	/System/Library/Frameworks/Quartz.framework/Versions/A/Frameworks/QuickLookUI.framework/Versions/A/QuickLookUI
0x00000000087a5000 	/System/Library/Frameworks/Quartz.framework/Versions/A/Frameworks/ImageKit.framework/Versions/A/ImageKit
0x00000000087a5000 	/System/Library/PrivateFrameworks/Bom.framework/Versions/A/Bom
0x00000000087a5000 	/System/Library/Frameworks/QuickLook.framework/Versions/A/QuickLook
0x00000000087a5000 	/System/Library/PrivateFrameworks/Suggestions.framework/Versions/A/Suggestions
0x00000000087a5000 	/System/Library/PrivateFrameworks/AppleSystemInfo.framework/Versions/A/AppleSystemInfo
0x00000000087a5000 	/System/Library/Frameworks/ImageCaptureCore.framework/Versions/A/ImageCaptureCore
0x00000000087a5000 	/System/Library/PrivateFrameworks/SafariServices.framework/Versions/A/SafariServices
0x00000000087a5000 	/usr/lib/libspindump.dylib
0x00000000087a5000 	/System/Library/Frameworks/QTKit.framework/Versions/A/QTKit
0x00000000087a5000 	/System/Library/Frameworks/AVFoundation.framework/Versions/A/AVFoundation
0x00000000087a5000 	/System/Library/Frameworks/CoreMedia.framework/Versions/A/CoreMedia
0x00000000087a5000 	/System/Library/Frameworks/MediaToolbox.framework/Versions/A/MediaToolbox
0x00000000087a5000 	/System/Library/Frameworks/VideoToolbox.framework/Versions/A/VideoToolbox
0x00000000087a5000 	/System/Library/PrivateFrameworks/CoreMediaAuthoring.framework/Versions/A/CoreMediaAuthoring
0x00000000087a5000 	/System/Library/Frameworks/CoreMediaIO.framework/Versions/A/CoreMediaIO
0x00000000087a5000 	/System/Library/Frameworks/AVFoundation.framework/Versions/A/Resources/libAVFAudio.dylib
0x00000000087a5000 	/System/Library/PrivateFrameworks/CoreAVCHD.framework/Versions/A/CoreAVCHD
0x00000000087a5000 	/System/Library/Frameworks/MediaAccessibility.framework/Versions/A/MediaAccessibility
0x00000000087a5000 	/System/Library/PrivateFrameworks/Mangrove.framework/Versions/A/Mangrove
0x00000000087a5000 	/System/Library/PrivateFrameworks/CoreAUC.framework/Versions/A/CoreAUC
0x00000000087a5000 	/System/Library/PrivateFrameworks/AppleVA.framework/Versions/A/AppleVA
0x00000000087a5000 	/System/Library/PrivateFrameworks/XPCService.framework/Versions/A/XPCService
0x00000000087a5000 	/System/Library/PrivateFrameworks/AppSandbox.framework/Versions/A/AppSandbox
0x00000000087a5000 	/usr/lib/libsandbox.1.dylib
0x00000000087a5000 	/usr/lib/libMatch.1.dylib
0x00000000087a5000 	/System/Library/PrivateFrameworks/DisplayServices.framework/Versions/A/DisplayServices
0x00000000087a5000 	/System/Library/Frameworks/Quartz.framework/Versions/A/Frameworks/PDFKit.framework/Versions/A/PDFKit
0x00000000087a5000 	/System/Library/Frameworks/Quartz.framework/Versions/A/Frameworks/QuartzComposer.framework/Versions/A/QuartzComposer
0x00000000087a5000 	/System/Library/Frameworks/Quartz.framework/Versions/A/Frameworks/QuartzFilters.framework/Versions/A/QuartzFilters
0x00000000087a5000 	/System/Library/PrivateFrameworks/CorePDF.framework/Versions/A/CorePDF
0x00000000087a5000 	/System/Library/PrivateFrameworks/AppleFSCompression.framework/Versions/A/AppleFSCompression
0x00000000087a5000 	/System/Library/Frameworks/AddressBook.framework/Versions/A/AddressBook
0x00000000087a5000 	/System/Library/PrivateFrameworks/ContactsPersistence.framework/Versions/A/ContactsPersistence
0x00000000087a5000 	/System/Library/PrivateFrameworks/ContactsFoundation.framework/Versions/A/ContactsFoundation
0x00000000087a5000 	/System/Library/PrivateFrameworks/vCard.framework/Versions/A/vCard
0x00000000087a5000 	/System/Library/PrivateFrameworks/IntlPreferences.framework/Versions/A/IntlPreferences
0x00000000087a5000 	/System/Library/PrivateFrameworks/ToneLibrary.framework/Versions/A/ToneLibrary
0x00000000087a5000 	/System/Library/PrivateFrameworks/ToneKit.framework/Versions/A/ToneKit
0x00000000087a5000 	/System/Library/PrivateFrameworks/ApplePushService.framework/Versions/A/ApplePushService
0x00000000087a5000 	/System/Library/PrivateFrameworks/PhoneNumbers.framework/Versions/A/PhoneNumbers
0x00000000087a5000 	/System/Library/PrivateFrameworks/ViewBridge.framework/Versions/A/ViewBridge
0x00000000087a5000 	/System/Library/Frameworks/Quartz.framework/Versions/A/Quartz
0x00000000087a5000 	/System/Library/Frameworks/LDAP.framework/Versions/A/LDAP
0x00000000087a5000 	/System/Library/PrivateFrameworks/CoreDaemon.framework/Versions/B/CoreDaemon
0x00000000087a5000 	/usr/lib/libcrypto.0.9.8.dylib
0x00000000087a5000 	/System/Library/PrivateFrameworks/AppleSRP.framework/Versions/A/AppleSRP
0x00000000087a5000 	/System/Library/PrivateFrameworks/TrustEvaluationAgent.framework/Versions/A/TrustEvaluationAgent
0x00000000087a5000 	/usr/lib/libsasl2.2.dylib
0x00000000087a5000 	/System/Library/PrivateFrameworks/PlugInKit.framework/Versions/A/PlugInKit
0x00000000087a5000 	/System/Library/PrivateFrameworks/CacheDelete.framework/Versions/A/CacheDelete
0x0000000115554000 	/System/Library/Extensions/AppleIntelBDWGraphicsMTLDriver.bundle/Contents/MacOS/AppleIntelBDWGraphicsMTLDriver
0x000000010ecb3000 	/System/Library/Frameworks/Security.framework/PlugIns/csparser.bundle/Contents/MacOS/csparser
0x00000000087a5000 	/System/Library/Frameworks/OpenGL.framework/Versions/A/Resources/GLEngine.bundle/GLEngine
0x00000000087a5000 	/System/Library/Frameworks/OpenGL.framework/Versions/A/Libraries/libGLProgrammability.dylib
0x0000000117800000 	/System/Library/Extensions/AppleIntelBDWGraphicsGLDriver.bundle/Contents/MacOS/AppleIntelBDWGraphicsGLDriver
0x00000000087a5000 	/System/Library/PrivateFrameworks/GPUSupport.framework/Versions/A/Libraries/libGPUSupportMercury.dylib
0x00000000087a5000 	/System/Library/Frameworks/OpenGL.framework/Versions/A/Resources/GLRendererFloat.bundle/GLRendererFloat
0x000000010f887000 	/Applications/idl85/bin/bin.darwin.x86_64/idl_xml.so
0x000000011ca00000 	/Applications/idl85/bin/bin.darwin.x86_64/libxerces-c2_6_0.26.dylib
0x00000000087a5000 	/System/Library/PrivateFrameworks/Shortcut.framework/Versions/A/Shortcut
0x00000000087a5000 	/System/Library/PrivateFrameworks/HelpData.framework/Versions/A/HelpData
0x00000000087a5000 	/usr/lib/libtidy.A.dylib
0x00000000087a5000 	/System/Library/PrivateFrameworks/iLifeMediaBrowser.framework/Versions/A/iLifeMediaBrowser
0x00000000087a5000 	/System/Library/Frameworks/AVKit.framework/Versions/A/AVKit

VM Arguments:
jvm_args: -Dosgi.instance.area.default=@user.home/IDLWorkspace -Dosgi.configuration.area=@user.home/.idl/idlworkbench-config-idl8.5.1_x86_64 -Dosgi.configuration.cascaded=true -Dosgi.checkConfiguration=true -Dosgi.sharedConfiguration.area.readOnly=true -Dorg.eclipse.update.reconcile=false -Declipse.p2.data.area=@config.dir/p2 -XstartOnFirstThread -Xdock:icon=../Resources/idlde.icns -Dorg.eclipse.swt.internal.carbon.smallFonts -Dosgi.sharedConfiguration.area=../../../configuration.darwin.x86_64 -Xms128m -Xmx1024m 
java_command: <unknown>
Launcher Type: generic

Environment Variables:
CLASSPATH=.:/Applications/idl85/resource/bridges/export/java/javaidlb.jar
PATH=/usr/bin:/bin:/usr/sbin:/sbin
LD_LIBRARY_PATH=/Applications/idl85/idlde/bin.darwin.x86_64/jre/lib/server:/Applications/idl85/idlde/bin.darwin.x86_64/jre/lib:
SHELL=/bin/bash
DISPLAY=/private/tmp/com.apple.launchd.nUYTtve7dU/org.macosforge.xquartz:0
DYLD_LIBRARY_PATH=/Applications/idl85/bin/bin.darwin.x86_64
DYLD_FALLBACK_LIBRARY_PATH=/Applications/idl85/idlde/bin.darwin.x86_64/jre/lib/server:/Applications/idl85/idlde/bin.darwin.x86_64/jre/lib:

Signal Handlers:
SIGSEGV: [libjvm.dylib+0x4a820f], sa_mask[0]=0xfffefeff, sa_flags=0x00000042
SIGBUS: [libjvm.dylib+0x4a820f], sa_mask[0]=0xfffefeff, sa_flags=0x00000042
SIGFPE: [libjvm.dylib+0x3b7495], sa_mask[0]=0xfffefeff, sa_flags=0x00000042
SIGPIPE: SIG_IGN, sa_mask[0]=0x00000000, sa_flags=0x00000002
SIGXFSZ: [libjvm.dylib+0x3b7495], sa_mask[0]=0xfffefeff, sa_flags=0x00000042
SIGILL: [libjvm.dylib+0x3b7495], sa_mask[0]=0xfffefeff, sa_flags=0x00000042
SIGUSR1: SIG_DFL, sa_mask[0]=0x00000000, sa_flags=0x00000000
SIGUSR2: [libjvm.dylib+0x3b702e], sa_mask[0]=0x00000000, sa_flags=0x00000042
SIGHUP: [libjvm.dylib+0x3b528f], sa_mask[0]=0xfffefeff, sa_flags=0x00000042
SIGINT: [libidl.8.5.dylib+0x403a20], sa_mask[0]=0x00000000, sa_flags=0x00000002
SIGTERM: [libjvm.dylib+0x3b528f], sa_mask[0]=0xfffefeff, sa_flags=0x00000042
SIGQUIT: [libjvm.dylib+0x3b528f], sa_mask[0]=0xfffefeff, sa_flags=0x00000042


---------------  S Y S T E M  ---------------

OS:Bsduname:Darwin 15.6.0 Darwin Kernel Version 15.6.0: Thu Jun 23 18:25:34 PDT 2016; root:xnu-3248.60.10~1/RELEASE_X86_64 x86_64
rlimit: STACK 8192k, CORE 0k, NPROC 709, NOFILE 1024, AS infinity
load average:1.65 1.95 1.89

CPU:total 4 (2 cores per cpu, 2 threads per core) family 6 model 61 stepping 4, cmov, cx8, fxsr, mmx, sse, sse2, sse3, ssse3, sse4.1, sse4.2, popcnt, avx, avx2, ht, tsc, tscinvbit

Memory: 4k page, physical 137437688452k(34359422113k free)

/proc/meminfo:


vm_info: Java HotSpot(TM) 64-Bit Server VM (23.25-b01) for bsd-amd64 JRE (1.7.0_25-b15), built on Jun  5 2013 22:26:36 by "java_re" with gcc 4.2.1 (Based on Apple Inc. build 5658) (LLVM build 2336.11.00)

time: Fri May 26 17:29:27 2017
elapsed time: 458 seconds

